<?xml version="1.0" encoding="UTF-8"?>
<!-- Generated by org.testng.reporters.JUnitXMLReporter -->
<testsuite hostname="DESKTOP-SQ6FNHF" ignored="2" name="Test" tests="2" failures="0" timestamp="2020-11-28T12:05:30 IST" time="165.077" errors="0">
  <testcase name="test" time="18.273" classname="com.webapp.testcases.BangaloreWeatherDetails"/>
  <testcase name="test" time="13.017" classname="com.webapp.testcases.NewDelhiWeatherDetails"/>
  <testcase name="@AfterSuite afterSuite" time="0.0" classname="com.webapp.baseLibrary.ProjectWrappers">
    <ignored/>
  </testcase> <!-- @AfterSuite afterSuite -->
  <testcase name="@BeforeSuite beforeSuite" time="0.0" classname="com.webapp.baseLibrary.ProjectWrappers">
    <ignored/>
  </testcase> <!-- @BeforeSuite beforeSuite -->
</testsuite> <!-- Test -->
