<?xml version="1.0" encoding="UTF-8"?>
<testng-results skipped="0" failed="0" ignored="2" total="4" passed="2">
  <reporter-output>
  </reporter-output>
  <suite name="Suite" duration-ms="165077" started-at="2020-11-28T12:02:45 IST" finished-at="2020-11-28T12:05:30 IST">
    <groups>
    </groups>
    <test name="Test" duration-ms="165077" started-at="2020-11-28T12:02:45 IST" finished-at="2020-11-28T12:05:30 IST">
      <class name="com.webapp.testcases.BangaloreWeatherDetails">
        <test-method status="PASS" signature="preReq()[pri:0, instance:com.webapp.testcases.BangaloreWeatherDetails@1500955a]" name="preReq" is-config="true" duration-ms="1" started-at="2020-11-28T12:02:45 IST" finished-at="2020-11-28T12:02:45 IST">
          <reporter-output>
          </reporter-output>
        </test-method> <!-- preReq -->
        <test-method status="PASS" signature="beforeClass()[pri:0, instance:com.webapp.testcases.BangaloreWeatherDetails@1500955a]" name="beforeClass" is-config="true" duration-ms="178" started-at="2020-11-28T12:02:45 IST" finished-at="2020-11-28T12:02:45 IST">
          <reporter-output>
          </reporter-output>
        </test-method> <!-- beforeClass -->
        <test-method status="PASS" signature="beforeMethod()[pri:0, instance:com.webapp.testcases.BangaloreWeatherDetails@1500955a]" name="beforeMethod" is-config="true" duration-ms="131261" started-at="2020-11-28T12:02:45 IST" finished-at="2020-11-28T12:04:56 IST">
          <reporter-output>
          </reporter-output>
        </test-method> <!-- beforeMethod -->
        <test-method status="PASS" signature="test()[pri:0, instance:com.webapp.testcases.BangaloreWeatherDetails@1500955a]" name="test" duration-ms="18273" started-at="2020-11-28T12:04:56 IST" finished-at="2020-11-28T12:05:14 IST">
          <reporter-output>
          </reporter-output>
        </test-method> <!-- test -->
        <test-method status="PASS" signature="afterMethod()[pri:0, instance:com.webapp.testcases.BangaloreWeatherDetails@1500955a]" name="afterMethod" is-config="true" duration-ms="2298" started-at="2020-11-28T12:05:14 IST" finished-at="2020-11-28T12:05:17 IST">
          <reporter-output>
          </reporter-output>
        </test-method> <!-- afterMethod -->
        <test-method status="PASS" signature="afterClass()[pri:0, instance:com.webapp.testcases.BangaloreWeatherDetails@1500955a]" name="afterClass" is-config="true" duration-ms="691" started-at="2020-11-28T12:05:17 IST" finished-at="2020-11-28T12:05:17 IST">
          <reporter-output>
          </reporter-output>
        </test-method> <!-- afterClass -->
      </class> <!-- com.webapp.testcases.BangaloreWeatherDetails -->
      <class name="com.webapp.testcases.NewDelhiWeatherDetails">
        <test-method status="PASS" signature="beforeSuite()[pri:0, instance:com.webapp.testcases.NewDelhiWeatherDetails@7ce6a65d]" name="beforeSuite" is-config="true" duration-ms="17" started-at="2020-11-28T12:02:45 IST" finished-at="2020-11-28T12:02:45 IST">
          <reporter-output>
          </reporter-output>
        </test-method> <!-- beforeSuite -->
        <test-method status="PASS" signature="preReq()[pri:0, instance:com.webapp.testcases.NewDelhiWeatherDetails@7ce6a65d]" name="preReq" is-config="true" duration-ms="1" started-at="2020-11-28T12:02:45 IST" finished-at="2020-11-28T12:02:45 IST">
          <reporter-output>
          </reporter-output>
        </test-method> <!-- preReq -->
        <test-method status="PASS" signature="beforeClass()[pri:0, instance:com.webapp.testcases.NewDelhiWeatherDetails@7ce6a65d]" name="beforeClass" is-config="true" duration-ms="179" started-at="2020-11-28T12:02:45 IST" finished-at="2020-11-28T12:02:45 IST">
          <reporter-output>
          </reporter-output>
        </test-method> <!-- beforeClass -->
        <test-method status="PASS" signature="beforeMethod()[pri:0, instance:com.webapp.testcases.NewDelhiWeatherDetails@7ce6a65d]" name="beforeMethod" is-config="true" duration-ms="150903" started-at="2020-11-28T12:02:45 IST" finished-at="2020-11-28T12:05:16 IST">
          <reporter-output>
          </reporter-output>
        </test-method> <!-- beforeMethod -->
        <test-method status="PASS" signature="test()[pri:0, instance:com.webapp.testcases.NewDelhiWeatherDetails@7ce6a65d]" name="test" duration-ms="13017" started-at="2020-11-28T12:05:16 IST" finished-at="2020-11-28T12:05:29 IST">
          <reporter-output>
          </reporter-output>
        </test-method> <!-- test -->
        <test-method status="PASS" signature="afterMethod()[pri:0, instance:com.webapp.testcases.NewDelhiWeatherDetails@7ce6a65d]" name="afterMethod" is-config="true" duration-ms="800" started-at="2020-11-28T12:05:29 IST" finished-at="2020-11-28T12:05:29 IST">
          <reporter-output>
          </reporter-output>
        </test-method> <!-- afterMethod -->
        <test-method status="PASS" signature="afterClass()[pri:0, instance:com.webapp.testcases.NewDelhiWeatherDetails@7ce6a65d]" name="afterClass" is-config="true" duration-ms="137" started-at="2020-11-28T12:05:29 IST" finished-at="2020-11-28T12:05:30 IST">
          <reporter-output>
          </reporter-output>
        </test-method> <!-- afterClass -->
        <test-method status="PASS" signature="afterSuite()[pri:0, instance:com.webapp.testcases.NewDelhiWeatherDetails@7ce6a65d]" name="afterSuite" is-config="true" duration-ms="0" started-at="2020-11-28T12:05:30 IST" finished-at="2020-11-28T12:05:30 IST">
          <reporter-output>
          </reporter-output>
        </test-method> <!-- afterSuite -->
      </class> <!-- com.webapp.testcases.NewDelhiWeatherDetails -->
    </test> <!-- Test -->
  </suite> <!-- Suite -->
</testng-results>
